<?xml version="1.0" encoding="UTF-8"?>
<!-- Generated by org.testng.reporters.JUnitReportReporter -->
<testsuite skipped="0" hostname="SAKSOFT071PDC" name="testcases.LoginTestCLink" tests="1" failures="0" timestamp="27 Feb 2020 07:03:03 GMT" time="51.666" errors="0">
  <testcase name="LogginAppl" time="51.666" classname="testcases.LoginTestCLink"/>
</testsuite> <!-- testcases.LoginTestCLink -->
