<?xml version="1.0" encoding="UTF-8"?>
<!-- Generated by org.testng.reporters.JUnitReportReporter -->
<testsuite skipped="0" hostname="SAKSOFT071PDC" name="testcases.LoginTestCLink" tests="1" failures="0" timestamp="26 Feb 2020 12:54:05 GMT" time="33.620" errors="0">
  <testcase name="LogginAppl" time="33.620" classname="testcases.LoginTestCLink"/>
</testsuite> <!-- testcases.LoginTestCLink -->
