<?xml version="1.0" encoding="UTF-8"?>
<!-- Generated by org.testng.reporters.JUnitReportReporter -->
<testsuite skipped="0" hostname="SAKSOFT071PDC" name="testcases.LoginTestCLink" tests="1" failures="0" timestamp="25 Feb 2020 14:22:31 GMT" time="17.692" errors="0">
  <testcase name="LogginAppl" time="17.692" classname="testcases.LoginTestCLink"/>
</testsuite> <!-- testcases.LoginTestCLink -->
