<?xml version="1.0" encoding="UTF-8"?>
<!-- Generated by org.testng.reporters.JUnitReportReporter -->
<testsuite skipped="0" hostname="SAKSOFT051PDC" name="testcases.LoginTestCLink" tests="1" failures="0" timestamp="28 Feb 2020 15:10:17 GMT" time="17.816" errors="0">
  <testcase name="LogginAppl" time="17.816" classname="testcases.LoginTestCLink"/>
</testsuite> <!-- testcases.LoginTestCLink -->
